#
# There is insufficient memory for the Java Runtime Environment to continue.
# Native memory allocation (mmap) failed to map 266338304 bytes for Failed to commit area from 0x0000000702a00000 to 0x0000000712800000 of length 266338304.
# Possible reasons:
#   The system is out of physical RAM or swap space
#   The process is running with CompressedOops enabled, and the Java Heap may be blocking the growth of the native heap
# Possible solutions:
#   Reduce memory load on the system
#   Increase physical memory or swap space
#   Check if swap backing store is full
#   Decrease Java heap size (-Xmx/-Xms)
#   Decrease number of Java threads
#   Decrease Java thread stack sizes (-Xss)
#   Set larger code cache with -XX:ReservedCodeCacheSize=
# This output file may be truncated or incomplete.
#
#  Out of Memory Error (./src/hotspot/os/windows/os_windows.cpp:3301), pid=6820, tid=4036
#
# JRE version:  (11.0.11+9) (build )
# Java VM: OpenJDK 64-Bit Server VM (11.0.11+9-b60-7590822, mixed mode, sharing, tiered, compressed oops, g1 gc, windows-amd64)
# No core dump will be written. Minidumps are not enabled by default on client versions of Windows
#

---------------  S U M M A R Y ------------

Command Line: 

Host: Intel(R) Core(TM) i3-10100 CPU @ 3.60GHz, 8 cores, 15G,  Windows 10 , 64 bit Build 19041 (10.0.19041.1566)
Time: Thu Mar 10 16:23:39 2022 GMT Standard Time elapsed time: 0.039125 seconds (0d 0h 0m 0s)

---------------  T H R E A D  ---------------

Current thread (0x0000019825b6e800):  JavaThread "Unknown thread" [_thread_in_vm, id=4036, stack(0x0000009744800000,0x0000009744900000)]

Stack: [0x0000009744800000,0x0000009744900000]
Native frames: (J=compiled Java code, j=interpreted, Vv=VM code, C=native code)
V  [jvm.dll+0x5f214a]
V  [jvm.dll+0x726fb5]
V  [jvm.dll+0x7285cd]
V  [jvm.dll+0x728c83]
V  [jvm.dll+0x243278]
V  [jvm.dll+0x5ef544]
V  [jvm.dll+0x5e4495]
V  [jvm.dll+0x2fec5b]
V  [jvm.dll+0x2febca]
V  [jvm.dll+0x2feaa2]
V  [jvm.dll+0x303986]
V  [jvm.dll+0x34c3a3]
V  [jvm.dll+0x34caa6]
V  [jvm.dll+0x34c4a3]
V  [jvm.dll+0x2d9688]
V  [jvm.dll+0x2da837]
V  [jvm.dll+0x705ba7]
V  [jvm.dll+0x70739c]
V  [jvm.dll+0x3598f9]
V  [jvm.dll+0x6e931e]
V  [jvm.dll+0x3c1c43]
V  [jvm.dll+0x3c3e81]
C  [jli.dll+0x5373]
C  [ucrtbase.dll+0x21bb2]
C  [KERNEL32.DLL+0x17034]
C  [ntdll.dll+0x52651]


---------------  P R O C E S S  ---------------

Threads class SMR info:
_java_thread_list=0x0000019823ad1fe0, length=0, elements={
}

Java Threads: ( => current thread )

Other Threads:
  0x0000019825b80000 GCTaskThread "GC Thread#0" [stack: 0x0000009744900000,0x0000009744a00000] [id=2644]
  0x0000019825bdc800 ConcurrentGCThread "G1 Main Marker" [stack: 0x0000009744a00000,0x0000009744b00000] [id=8104]
  0x0000019825bde000 ConcurrentGCThread "G1 Conc#0" [stack: 0x0000009744b00000,0x0000009744c00000] [id=10132]

[error occurred during error reporting (printing all threads), id 0xc0000005, EXCEPTION_ACCESS_VIOLATION (0xc0000005) at pc=0x00007ffadf129c47]

VM state:not at safepoint (not fully initialized)

VM Mutex/Monitor currently owned by a thread:  ([mutex/lock_event])
[0x0000019825b69850] Heap_lock - owner thread: 0x0000019825b6e800

Heap address: 0x0000000702a00000, size: 4054 MB, Compressed Oops mode: Non-zero based: 0x0000000702a00000
Narrow klass base: 0x0000000000000000, Narrow klass shift: 0

GC Heap History (0 events):
No events

Deoptimization events (0 events):
No events

Classes redefined (0 events):
No events

Internal exceptions (0 events):
No events

Events (1 events):
Event: 0.023 Loaded shared library C:\Program Files\Android\Android Studio\jre\bin\zip.dll


Dynamic libraries:
0x00007ff78dc00000 - 0x00007ff78dc0a000 	C:\Program Files\Android\Android Studio\jre\bin\java.EXE
0x00007ffb55ed0000 - 0x00007ffb560c5000 	C:\Windows\SYSTEM32\ntdll.dll
0x00007ffb55b40000 - 0x00007ffb55bfe000 	C:\Windows\System32\KERNEL32.DLL
0x00007ffb537d0000 - 0x00007ffb53a98000 	C:\Windows\System32\KERNELBASE.dll
0x00007ffb53cb0000 - 0x00007ffb53db0000 	C:\Windows\System32\ucrtbase.dll
0x00007ffb18f00000 - 0x00007ffb18f19000 	C:\Program Files\Android\Android Studio\jre\bin\jli.dll
0x00007ffb18f20000 - 0x00007ffb18f37000 	C:\Program Files\Android\Android Studio\jre\bin\VCRUNTIME140.dll
0x00007ffb55410000 - 0x00007ffb555b0000 	C:\Windows\System32\USER32.dll
0x00007ffb535f0000 - 0x00007ffb53612000 	C:\Windows\System32\win32u.dll
0x00007ffb55cb0000 - 0x00007ffb55cdb000 	C:\Windows\System32\GDI32.dll
0x00007ffb53e20000 - 0x00007ffb53f2b000 	C:\Windows\System32\gdi32full.dll
0x00007ffb32820000 - 0x00007ffb32aba000 	C:\Windows\WinSxS\amd64_microsoft.windows.common-controls_6595b64144ccf1df_6.0.19041.1110_none_60b5254171f9507e\COMCTL32.dll
0x00007ffb53730000 - 0x00007ffb537cd000 	C:\Windows\System32\msvcp_win.dll
0x00007ffb55df0000 - 0x00007ffb55e8e000 	C:\Windows\System32\msvcrt.dll
0x00007ffb54010000 - 0x00007ffb54040000 	C:\Windows\System32\IMM32.DLL
0x00007ffb18e60000 - 0x00007ffb18efd000 	C:\Program Files\Android\Android Studio\jre\bin\msvcp140.dll
0x00007ffadee40000 - 0x00007ffadf915000 	C:\Program Files\Android\Android Studio\jre\bin\server\jvm.dll
0x00007ffb55d40000 - 0x00007ffb55dee000 	C:\Windows\System32\ADVAPI32.dll
0x00007ffb54af0000 - 0x00007ffb54b8c000 	C:\Windows\System32\sechost.dll
0x00007ffb552e0000 - 0x00007ffb55405000 	C:\Windows\System32\RPCRT4.dll
0x00007ffb54040000 - 0x00007ffb54048000 	C:\Windows\System32\PSAPI.DLL
0x00007ffb4ec60000 - 0x00007ffb4ec6a000 	C:\Windows\SYSTEM32\VERSION.dll
0x00007ffb4c450000 - 0x00007ffb4c459000 	C:\Windows\SYSTEM32\WSOCK32.dll
0x00007ffb49240000 - 0x00007ffb49267000 	C:\Windows\SYSTEM32\WINMM.dll
0x00007ffb55940000 - 0x00007ffb559ab000 	C:\Windows\System32\WS2_32.dll
0x00007ffb514e0000 - 0x00007ffb514f2000 	C:\Windows\SYSTEM32\kernel.appcore.dll
0x00007ffb1e8e0000 - 0x00007ffb1e8f1000 	C:\Program Files\Android\Android Studio\jre\bin\verify.dll
0x00007ffb4d190000 - 0x00007ffb4d374000 	C:\Windows\SYSTEM32\DBGHELP.DLL
0x00007ffb4d0d0000 - 0x00007ffb4d0fc000 	C:\Windows\SYSTEM32\dbgcore.DLL
0x00007ffb53620000 - 0x00007ffb536a2000 	C:\Windows\System32\bcryptPrimitives.dll
0x00007ffb1e8b0000 - 0x00007ffb1e8d9000 	C:\Program Files\Android\Android Studio\jre\bin\java.dll
0x00007ffb4bb10000 - 0x00007ffb4bb1b000 	C:\Program Files\Android\Android Studio\jre\bin\jimage.dll
0x00007ffb1bfd0000 - 0x00007ffb1bfe8000 	C:\Program Files\Android\Android Studio\jre\bin\zip.dll

dbghelp: loaded successfully - version: 4.0.5 - missing functions: none
symbol engine: initialized successfully - sym options: 0x614 - pdb path: .;C:\Program Files\Android\Android Studio\jre\bin;C:\Windows\SYSTEM32;C:\Windows\WinSxS\amd64_microsoft.windows.common-controls_6595b64144ccf1df_6.0.19041.1110_none_60b5254171f9507e;C:\Program Files\Android\Android Studio\jre\bin\server

VM Arguments:
java_command: <unknown>
java_class_path (initial): <not set>
Launcher Type: SUN_STANDARD

[Global flags]
     intx CICompilerCount                          = 4                                         {product} {ergonomic}
     uint ConcGCThreads                            = 2                                         {product} {ergonomic}
     uint G1ConcRefinementThreads                  = 8                                         {product} {ergonomic}
   size_t G1HeapRegionSize                         = 1048576                                   {product} {ergonomic}
    uintx GCDrainStackTargetSize                   = 64                                        {product} {ergonomic}
   size_t InitialHeapSize                          = 266338304                                 {product} {ergonomic}
   size_t MarkStackSize                            = 4194304                                   {product} {ergonomic}
   size_t MaxHeapSize                              = 4250927104                                {product} {ergonomic}
   size_t MinHeapDeltaBytes                        = 1048576                                   {product} {ergonomic}
    uintx NonNMethodCodeHeapSize                   = 5836300                                {pd product} {ergonomic}
    uintx NonProfiledCodeHeapSize                  = 122910970                              {pd product} {ergonomic}
    uintx ProfiledCodeHeapSize                     = 122910970                              {pd product} {ergonomic}
    uintx ReservedCodeCacheSize                    = 251658240                              {pd product} {ergonomic}
     bool SegmentedCodeCache                       = true                                      {product} {ergonomic}
     bool UseCompressedClassPointers               = true                                 {lp64_product} {ergonomic}
     bool UseCompressedOops                        = true                                 {lp64_product} {ergonomic}
     bool UseG1GC                                  = true                                      {product} {ergonomic}
     bool UseLargePagesIndividualAllocation        = false                                  {pd product} {ergonomic}

Logging:
Log output configuration:
 #0: stdout all=warning uptime,level,tags
 #1: stderr all=off uptime,level,tags

Environment Variables:
PATH=C:\Windows\system32;C:\Windows;C:\Windows\System32\Wbem;C:\Windows\System32\WindowsPowerShell\v1.0\;C:\Windows\System32\OpenSSH\;C:\Users\TAUKIR AHMED\AppData\Local\Microsoft\WindowsApps;C:\Users\TAUKIR AHMED\AppData\Local\Programs\Microsoft VS Code\bin;C:\Users\TAUKIR AHMED\flutter\bin;;C:\Users\TAUKIR AHMED\flutter\bin\mingit\cmd
USERNAME=TAUKIR AHMED
OS=Windows_NT
PROCESSOR_IDENTIFIER=Intel64 Family 6 Model 165 Stepping 3, GenuineIntel



---------------  S Y S T E M  ---------------

OS: Windows 10 , 64 bit Build 19041 (10.0.19041.1566)
OS uptime: 2 days 1:21 hours
Hyper-V role detected

CPU:total 8 (initial active 8) (4 cores per cpu, 2 threads per core) family 6 model 165 stepping 3 microcode 0xe0, cmov, cx8, fxsr, mmx, sse, sse2, sse3, ssse3, sse4.1, sse4.2, popcnt, avx, avx2, aes, clmul, erms, 3dnowpref, lzcnt, ht, tsc, tscinvbit, bmi1, bmi2, adx, fma

Memory: 4k page, system-wide physical 16213M (22M free)
TotalPageFile size 46659M (AvailPageFile size 87M)
current process WorkingSet (physical memory assigned to process): 10M, peak: 10M
current process commit charge ("private bytes"): 60M, peak: 314M

vm_info: OpenJDK 64-Bit Server VM (11.0.11+9-b60-7590822) for windows-amd64 JRE (11.0.11+9-b60-7590822), built on Jul 29 2021 21:43:44 by "builder" with MS VC++ 14.0 (VS2015)

END.
